<?xml version="1.0" encoding="UTF-8"?>
<!-- Generated by org.testng.reporters.JUnitReportReporter -->
<testsuite skipped="0" hostname="DESKTOP-6JS32GC" name="com.Utility.ExcelUtils" tests="1" failures="0" timestamp="17 Oct 2021 06:24:22 GMT" time="12.981" errors="0">
  <testcase name="Test_1" time="12.981" classname="com.Utility.ExcelUtils"/>
</testsuite> <!-- com.Utility.ExcelUtils -->
