<?xml version="1.0" encoding="UTF-8"?>
<!-- Generated by org.testng.reporters.JUnitReportReporter -->
<testsuite skipped="0" hostname="DESKTOP-6JS32GC" name="com.Test.LoginTest" tests="3" failures="0" timestamp="20 Oct 2021 09:54:21 GMT" time="33.946" errors="0">
  <testcase name="TC_02" time="6.018" classname="com.Test.LoginTest"/>
  <testcase name="TC_01" time="22.874" classname="com.Test.LoginTest"/>
  <testcase name="TC_03" time="5.054" classname="com.Test.LoginTest"/>
</testsuite> <!-- com.Test.LoginTest -->
