<?xml version="1.0" encoding="UTF-8"?>
<!-- Generated by org.testng.reporters.JUnitReportReporter -->
<testsuite skipped="0" hostname="DESKTOP-6JS32GC" name="com.Test.Dashboard_Test" tests="1" failures="0" timestamp="22 Oct 2021 10:19:13 GMT" time="9.958" errors="0">
  <testcase name="Courses_Offered" time="9.958" classname="com.Test.Dashboard_Test"/>
</testsuite> <!-- com.Test.Dashboard_Test -->
